Added Component: Designator=B1(SOT95P280X100-5N)
Add component (AddParameter): Name = "Datasheet Link"; Value = "https://www.analog.com/ADPL44002/datasheet"; VariantName = "[No Variations]"
Add component (AddParameter): Name = "Geometry.Height"; Value = "1mm"; VariantName = "[No Variations]"
Add component (AddParameter): Name = "Manufacturer_Name"; Value = "Analog Devices"; VariantName = "[No Variations]"
Add component (AddParameter): Name = "Manufacturer_Part_Number"; Value = "ADPL44002AUJZ-3.3-R7"; VariantName = "[No Variations]"
Add component (AddParameter): Name = "Mouser Part Number"; Value = "584-PL44002AUJZ33R7"; VariantName = "[No Variations]"
Add component (AddParameter): Name = "Mouser Price/Stock"; Value = "https://www.mouser.co.uk/ProductDetail/Analog-Devices/ADPL44002AUJZ-3.3-R7?qs=%252BXxaIXUDbq3bLG2Aqffs8Q%3D%3D"; VariantName = "[No Variations]"
Added Component: Designator=C1(ELKO_5MM_D12.5MM)
Added Component: Designator=C2(1206_C)
Added Component: Designator=C3(1206_C)
Added Component: Designator=C4(1206_C)
Added Component: Designator=C5(1206_C)
Added Component: Designator=C6A(1206_C)
Added Component: Designator=C6B(1206_C)
Added Component: Designator=C6C(1206_C)
Added Component: Designator=C6D(1206_C)
Added Component: Designator=C7A(1206_C)
Added Component: Designator=C7B(1206_C)
Added Component: Designator=C7C(1206_C)
Added Component: Designator=C7D(1206_C)
Added Component: Designator=C8A(1206_C)
Added Component: Designator=C8B(1206_C)
Added Component: Designator=C8C(1206_C)
Added Component: Designator=C8D(1206_C)
Added Component: Designator=C9A(1206_C)
Added Component: Designator=C9B(1206_C)
Added Component: Designator=C10A(1206_C)
Added Component: Designator=C10B(1206_C)
Added Component: Designator=C11A(1206_C)
Added Component: Designator=C11B(1206_C)
Added Component: Designator=C12(ELKO_5MM_D12.5MM)
Added Component: Designator=C13(ELKO_5MM_D12.5MM)
Added Component: Designator=C14A(1206_C)
Added Component: Designator=C14B(1206_C)
Added Component: Designator=C14C(1206_C)
Added Component: Designator=C14D(1206_C)
Added Component: Designator=C15A(1206_C)
Added Component: Designator=C15B(1206_C)
Added Component: Designator=C15C(1206_C)
Added Component: Designator=C15D(1206_C)
Added Component: Designator=C16A(1206_C)
Added Component: Designator=C16B(1206_C)
Added Component: Designator=C16C(1206_C)
Added Component: Designator=C16D(1206_C)
Added Component: Designator=C17A(1206_C)
Added Component: Designator=C17B(1206_C)
Added Component: Designator=C17C(1206_C)
Added Component: Designator=C17D(1206_C)
Added Component: Designator=C18A(1206_C)
Added Component: Designator=C18B(1206_C)
Added Component: Designator=C18C(1206_C)
Added Component: Designator=C18D(1206_C)
Added Component: Designator=C19A(1206_C)
Added Component: Designator=C19B(1206_C)
Added Component: Designator=C19C(1206_C)
Added Component: Designator=C19D(1206_C)
Added Component: Designator=C20A(1206_C)
Added Component: Designator=C20B(1206_C)
Added Component: Designator=C20C(1206_C)
Added Component: Designator=C20D(1206_C)
Added Component: Designator=D1A(MINIMELF-SOD80)
Added Component: Designator=D1B(MINIMELF-SOD80)
Added Component: Designator=D1C(MINIMELF-SOD80)
Added Component: Designator=D2A(MINIMELF-SOD80)
Added Component: Designator=D2B(MINIMELF-SOD80)
Added Component: Designator=D2C(MINIMELF-SOD80)
Added Component: Designator=D3(FP-340BQ-MFG)
Add component (AddParameter): Name = "Automotive"; Value = "No"; VariantName = "[No Variations]"
Add component (AddParameter): Name = "Capacitance"; Value = "550pF"; VariantName = "[No Variations]"
Add component (AddParameter): Name = "Category"; Value = "Diode"; VariantName = "[No Variations]"
Add component (AddParameter): Name = "ComponentLink2Description"; Value = "Datasheet"; VariantName = "[No Variations]"
Add component (AddParameter): Name = "ComponentLink2URL"; Value = "https://www.onsemi.com/pub/Collateral/FSV1060V-D.pdf"; VariantName = "[No Variations]"
Add component (AddParameter): Name = "Device Class L1"; Value = "Discrete Semiconductors"; VariantName = "[No Variations]"
Add component (AddParameter): Name = "Device Class L2"; Value = "Diodes"; VariantName = "[No Variations]"
Add component (AddParameter): Name = "Device Class L3"; Value = "Schottky Diodes"; VariantName = "[No Variations]"
Add component (AddParameter): Name = "Digikey Description"; Value = "DIODE SCHOTTKY 60V 10A TO277-3"; VariantName = "[No Variations]"
Add component (AddParameter): Name = "Footprint Url"; Value = "https://www.onsemi.com/pub/Collateral/340BQ.PDF"; VariantName = "[No Variations]"
Add component (AddParameter): Name = "Forward Current"; Value = "10A"; VariantName = "[No Variations]"
Add component (AddParameter): Name = "Height"; Value = "1.2mm"; VariantName = "[No Variations]"
Add component (AddParameter): Name = "Lead Free"; Value = "Yes"; VariantName = "[No Variations]"
Add component (AddParameter): Name = "Manufacturer"; Value = "ON Semiconductor"; VariantName = "[No Variations]"
Add component (AddParameter): Name = "Manufacturer Part Number"; Value = "FSV1060V"; VariantName = "[No Variations]"
Add component (AddParameter): Name = "Max Junction Temp"; Value = "+150°C"; VariantName = "[No Variations]"
Add component (AddParameter): Name = "Max Repetitive Reverse Voltage"; Value = "60V"; VariantName = "[No Variations]"
Add component (AddParameter): Name = "Max Surge Forward Current"; Value = "280A"; VariantName = "[No Variations]"
Add component (AddParameter): Name = "Mouser Description"; Value = "Schottky Diodes & Rectifiers Schottky"; VariantName = "[No Variations]"
Add component (AddParameter): Name = "Octopart"; Value = "https://octopart.com/fsv1060v-on+semiconductor-84328651"; VariantName = "[No Variations]"
Add component (AddParameter): Name = "Package"; Value = "340BQ"; VariantName = "[No Variations]"
Add component (AddParameter): Name = "Peak Reverse Current"; Value = "0.056mA"; VariantName = "[No Variations]"
Add component (AddParameter): Name = "Reverse Voltage"; Value = "60V"; VariantName = "[No Variations]"
Add component (AddParameter): Name = "RoHS"; Value = "TRUE"; VariantName = "[No Variations]"
Add component (AddParameter): Name = "Temperature"; Value = "-55°C to +150°C"; VariantName = "[No Variations]"
Add component (AddParameter): Name = "Temperature Range High"; Value = "+150°C"; VariantName = "[No Variations]"
Add component (AddParameter): Name = "Temperature Range Low"; Value = "-55°C"; VariantName = "[No Variations]"
Add component (AddParameter): Name = "Value"; Value = "550pF"; VariantName = "[No Variations]"
Added Component: Designator=D4(FP-340BQ-MFG)
Add component (AddParameter): Name = "Automotive"; Value = "No"; VariantName = "[No Variations]"
Add component (AddParameter): Name = "Capacitance"; Value = "550pF"; VariantName = "[No Variations]"
Add component (AddParameter): Name = "Category"; Value = "Diode"; VariantName = "[No Variations]"
Add component (AddParameter): Name = "ComponentLink2Description"; Value = "Datasheet"; VariantName = "[No Variations]"
Add component (AddParameter): Name = "ComponentLink2URL"; Value = "https://www.onsemi.com/pub/Collateral/FSV1060V-D.pdf"; VariantName = "[No Variations]"
Add component (AddParameter): Name = "Device Class L1"; Value = "Discrete Semiconductors"; VariantName = "[No Variations]"
Add component (AddParameter): Name = "Device Class L2"; Value = "Diodes"; VariantName = "[No Variations]"
Add component (AddParameter): Name = "Device Class L3"; Value = "Schottky Diodes"; VariantName = "[No Variations]"
Add component (AddParameter): Name = "Digikey Description"; Value = "DIODE SCHOTTKY 60V 10A TO277-3"; VariantName = "[No Variations]"
Add component (AddParameter): Name = "Footprint Url"; Value = "https://www.onsemi.com/pub/Collateral/340BQ.PDF"; VariantName = "[No Variations]"
Add component (AddParameter): Name = "Forward Current"; Value = "10A"; VariantName = "[No Variations]"
Add component (AddParameter): Name = "Height"; Value = "1.2mm"; VariantName = "[No Variations]"
Add component (AddParameter): Name = "Lead Free"; Value = "Yes"; VariantName = "[No Variations]"
Add component (AddParameter): Name = "Manufacturer"; Value = "ON Semiconductor"; VariantName = "[No Variations]"
Add component (AddParameter): Name = "Manufacturer Part Number"; Value = "FSV1060V"; VariantName = "[No Variations]"
Add component (AddParameter): Name = "Max Junction Temp"; Value = "+150°C"; VariantName = "[No Variations]"
Add component (AddParameter): Name = "Max Repetitive Reverse Voltage"; Value = "60V"; VariantName = "[No Variations]"
Add component (AddParameter): Name = "Max Surge Forward Current"; Value = "280A"; VariantName = "[No Variations]"
Add component (AddParameter): Name = "Mouser Description"; Value = "Schottky Diodes & Rectifiers Schottky"; VariantName = "[No Variations]"
Add component (AddParameter): Name = "Octopart"; Value = "https://octopart.com/fsv1060v-on+semiconductor-84328651"; VariantName = "[No Variations]"
Add component (AddParameter): Name = "Package"; Value = "340BQ"; VariantName = "[No Variations]"
Add component (AddParameter): Name = "Peak Reverse Current"; Value = "0.056mA"; VariantName = "[No Variations]"
Add component (AddParameter): Name = "Reverse Voltage"; Value = "60V"; VariantName = "[No Variations]"
Add component (AddParameter): Name = "RoHS"; Value = "TRUE"; VariantName = "[No Variations]"
Add component (AddParameter): Name = "Temperature"; Value = "-55°C to +150°C"; VariantName = "[No Variations]"
Add component (AddParameter): Name = "Temperature Range High"; Value = "+150°C"; VariantName = "[No Variations]"
Add component (AddParameter): Name = "Temperature Range Low"; Value = "-55°C"; VariantName = "[No Variations]"
Add component (AddParameter): Name = "Value"; Value = "550pF"; VariantName = "[No Variations]"
Added Component: Designator=D5A(MINIMELF-SOD80)
Added Component: Designator=D5B(MINIMELF-SOD80)
Added Component: Designator=D5C(MINIMELF-SOD80)
Added Component: Designator=D5D(MINIMELF-SOD80)
Added Component: Designator=IC1A(SO08_N)
Add component (AddParameter): Name = "ComponentLink1Description"; Value = "Datasheet"; VariantName = "[No Variations]"
Add component (AddParameter): Name = "ComponentLink1URL"; Value = "https://ebs.eti.kit.edu/files/ebs_uploads/20170616-1458_Datenblatt_ACS722LLCTR-10AB-T.pdf"; VariantName = "[No Variations]"
Added Component: Designator=IC1B(SO08_N)
Add component (AddParameter): Name = "ComponentLink1Description"; Value = "Datasheet"; VariantName = "[No Variations]"
Add component (AddParameter): Name = "ComponentLink1URL"; Value = "https://ebs.eti.kit.edu/files/ebs_uploads/20170616-1458_Datenblatt_ACS722LLCTR-10AB-T.pdf"; VariantName = "[No Variations]"
Added Component: Designator=IC1C(SO08_N)
Add component (AddParameter): Name = "ComponentLink1Description"; Value = "Datasheet"; VariantName = "[No Variations]"
Add component (AddParameter): Name = "ComponentLink1URL"; Value = "https://ebs.eti.kit.edu/files/ebs_uploads/20170616-1458_Datenblatt_ACS722LLCTR-10AB-T.pdf"; VariantName = "[No Variations]"
Added Component: Designator=IC1D(SO08_N)
Add component (AddParameter): Name = "ComponentLink1Description"; Value = "Datasheet"; VariantName = "[No Variations]"
Add component (AddParameter): Name = "ComponentLink1URL"; Value = "https://ebs.eti.kit.edu/files/ebs_uploads/20170616-1458_Datenblatt_ACS722LLCTR-10AB-T.pdf"; VariantName = "[No Variations]"
Added Component: Designator=IC2A(SO08_N)
Added Component: Designator=IC2B(SO08_N)
Added Component: Designator=IC3A(SO16_W)
Add component (AddParameter): Name = "EBS_Nummer"; Value = "8717"; VariantName = "[No Variations]"
Add component (AddParameter): Name = "HelpURL"; Value = "https://ebs.eti.kit.edu/Artikel/Detailansicht/8717"; VariantName = "[No Variations]"
Added Component: Designator=IC3B(SO16_W)
Add component (AddParameter): Name = "EBS_Nummer"; Value = "8717"; VariantName = "[No Variations]"
Add component (AddParameter): Name = "HelpURL"; Value = "https://ebs.eti.kit.edu/Artikel/Detailansicht/8717"; VariantName = "[No Variations]"
Added Component: Designator=IC3C(SO16_W)
Add component (AddParameter): Name = "EBS_Nummer"; Value = "8717"; VariantName = "[No Variations]"
Add component (AddParameter): Name = "HelpURL"; Value = "https://ebs.eti.kit.edu/Artikel/Detailansicht/8717"; VariantName = "[No Variations]"
Added Component: Designator=IC3D(SO16_W)
Add component (AddParameter): Name = "EBS_Nummer"; Value = "8717"; VariantName = "[No Variations]"
Add component (AddParameter): Name = "HelpURL"; Value = "https://ebs.eti.kit.edu/Artikel/Detailansicht/8717"; VariantName = "[No Variations]"
Added Component: Designator=J1(Phoenix_3er)
Add component (AddParameter): Name = "Arrow Part Number"; Value = "1717033"; VariantName = "[No Variations]"
Add component (AddParameter): Name = "Arrow Price/Stock"; Value = "https://www.arrow.com/en/products/1717033/phoenix-contact?utm_currency=USD&region=nac"; VariantName = "[No Variations]"
Add component (AddParameter): Name = "Datasheet Link"; Value = "https://media.digikey.com/pdf/Data%20Sheets/Phoenix%20Contact%20PDFs/1717033.pdf"; VariantName = "[No Variations]"
Add component (AddParameter): Name = "Geometry.Height"; Value = "13.9mm"; VariantName = "[No Variations]"
Add component (AddParameter): Name = "Manufacturer_Name"; Value = "Phoenix Contact"; VariantName = "[No Variations]"
Add component (AddParameter): Name = "Manufacturer_Part_Number"; Value = "1717033"; VariantName = "[No Variations]"
Add component (AddParameter): Name = "Mouser Part Number"; Value = "651-1717033"; VariantName = "[No Variations]"
Add component (AddParameter): Name = "Mouser Price/Stock"; Value = "https://www.mouser.co.uk/ProductDetail/Phoenix-Contact/1717033?qs=aYsvlkyO7qPHPfcN%252B81Plg%3D%3D"; VariantName = "[No Variations]"
Added Component: Designator=J2(694106301002)
Add component (AddParameter): Name = "Color"; Value = "Black"; VariantName = "[No Variations]"
Add component (AddParameter): Name = "Connector Type"; Value = "Power"; VariantName = "[No Variations]"
Add component (AddParameter): Name = "Contact Gender"; Value = "Female"; VariantName = "[No Variations]"
Add component (AddParameter): Name = "Contact Material"; Value = "Gold, Tin"; VariantName = "[No Variations]"
Add component (AddParameter): Name = "Contact Plating"; Value = "Tin"; VariantName = "[No Variations]"
Add component (AddParameter): Name = "Current Rating"; Value = "5A"; VariantName = "[No Variations]"
Add component (AddParameter): Name = "Flammability Rating"; Value = "UL94 V-0"; VariantName = "[No Variations]"
Add component (AddParameter): Name = "Gender"; Value = "Male"; VariantName = "[No Variations]"
Add component (AddParameter): Name = "Height"; Value = "11mm"; VariantName = "[No Variations]"
Add component (AddParameter): Name = "Housing Material"; Value = "Polyamide"; VariantName = "[No Variations]"
Add component (AddParameter): Name = "Insulation Resistance"; Value = "100MO"; VariantName = "[No Variations]"
Add component (AddParameter): Name = "Max Operating Temperature"; Value = "85°C"; VariantName = "[No Variations]"
Add component (AddParameter): Name = "Min Operating Temperature"; Value = "-40°C"; VariantName = "[No Variations]"
Add component (AddParameter): Name = "Mount"; Value = "Through Hole"; VariantName = "[No Variations]"
Add component (AddParameter): Name = "NexarPartId"; Value = "52676100"; VariantName = "[No Variations]"
Add component (AddParameter): Name = "Number of Contacts"; Value = "3"; VariantName = "[No Variations]"
Add component (AddParameter): Name = "Operating Supply Voltage"; Value = "24V"; VariantName = "[No Variations]"
Add component (AddParameter): Name = "Packaging"; Value = "Bulk"; VariantName = "[No Variations]"
Add component (AddParameter): Name = "REACH SVHC"; Value = "Unknown"; VariantName = "[No Variations]"
Add component (AddParameter): Name = "RoHS"; Value = "Compliant"; VariantName = "[No Variations]"
Add component (AddParameter): Name = "Shielding"; Value = "Unshielded"; VariantName = "[No Variations]"
Add component (AddParameter): Name = "Termination"; Value = "Through Hole"; VariantName = "[No Variations]"
Add component (AddParameter): Name = "Voltage Rating"; Value = "24V"; VariantName = "[No Variations]"
Add component (AddParameter): Name = "Voltage Rating (DC)"; Value = "20V"; VariantName = "[No Variations]"
Added Component: Designator=L1(WE-HCF_2920_Litz)
Add component (AddParameter): Name = "ComponentLink1Description"; Value = "Manufacturer"; VariantName = "[No Variations]"
Add component (AddParameter): Name = "ComponentLink1URL"; Value = "http://www.we-online.de"; VariantName = "[No Variations]"
Add component (AddParameter): Name = "ComponentLink2Description"; Value = "Datasheet"; VariantName = "[No Variations]"
Add component (AddParameter): Name = "ComponentLink2URL"; Value = "https://katalog.we-online.de/pbs/datasheet/74437429203151.pdf"; VariantName = "[No Variations]"
Add component (AddParameter): Name = "DC Resistance max."; Value = "42.74 mOhm"; VariantName = "[No Variations]"
Add component (AddParameter): Name = "Inductance"; Value = "150 uH"; VariantName = "[No Variations]"
Add component (AddParameter): Name = "Mounting Technology"; Value = "SMT"; VariantName = "[No Variations]"
Add component (AddParameter): Name = "Operating Temperature"; Value = "-40 to 125 degC"; VariantName = "[No Variations]"
Add component (AddParameter): Name = "Packaging"; Value = "Tape and Reel"; VariantName = "[No Variations]"
Add component (AddParameter): Name = "Part Number"; Value = "74437429203151"; VariantName = "[No Variations]"
Add component (AddParameter): Name = "Published Date"; Value = "November 2018"; VariantName = "[No Variations]"
Add component (AddParameter): Name = "Publisher"; Value = "Wurth Elektronik"; VariantName = "[No Variations]"
Add component (AddParameter): Name = "Rated Current"; Value = "8.4 A"; VariantName = "[No Variations]"
Add component (AddParameter): Name = "Saturation Current"; Value = "7.8 A"; VariantName = "[No Variations]"
Add component (AddParameter): Name = "Self Resonant Frequency"; Value = "3.8 MHz"; VariantName = "[No Variations]"
Add component (AddParameter): Name = "Size"; Value = "2920"; VariantName = "[No Variations]"
Added Component: Designator=LED1(0805_DI_gr)
Added Component: Designator=LED2(0805_DI_gr)
Added Component: Designator=LED3(0805_DI_gr)
Added Component: Designator=LED4(0805_DI_gr)
Added Component: Designator=LED5(0805_DI_gr)
Added Component: Designator=LED6(0805_DI_gr)
Added Component: Designator=LED7(0805_DI_gr)
Added Component: Designator=LP1(LP1)
Added Component: Designator=LP2(LP1)
Added Component: Designator=LP3(LP1)
Added Component: Designator=LP4(LP1)
Added Component: Designator=LP5(LP1)
Added Component: Designator=LP6(LP1)
Added Component: Designator=P1A(MOLX-22-28-4033_V)
Add component (AddParameter): Name = "Colour"; Value = "Black"; VariantName = "[No Variations]"
Add component (AddParameter): Name = "ComponentLink1Description"; Value = "Manufacturer URL"; VariantName = "[No Variations]"
Add component (AddParameter): Name = "ComponentLink1URL"; Value = "http://www.molex.com/"; VariantName = "[No Variations]"
Add component (AddParameter): Name = "ComponentLink2Description"; Value = "Datasheet"; VariantName = "[No Variations]"
Add component (AddParameter): Name = "ComponentLink2URL"; Value = "http://www.molex.com/pdm_docs/sd/022284033_sd.pdf"; VariantName = "[No Variations]"
Add component (AddParameter): Name = "Contact Finish"; Value = "Gold"; VariantName = "[No Variations]"
Add component (AddParameter): Name = "Contact Material"; Value = "Brass"; VariantName = "[No Variations]"
Add component (AddParameter): Name = "Contact Plating"; Value = "Gold"; VariantName = "[No Variations]"
Add component (AddParameter): Name = "Current Rating"; Value = "4 A"; VariantName = "[No Variations]"
Add component (AddParameter): Name = "DatasheetVersion"; Value = "Rev. G, 01/2012"; VariantName = "[No Variations]"
Add component (AddParameter): Name = "Height"; Value = "8.38 mm"; VariantName = "[No Variations]"
Add component (AddParameter): Name = "Lead Pitch"; Value = "0.1 inch"; VariantName = "[No Variations]"
Add component (AddParameter): Name = "Length"; Value = "7.62 mm"; VariantName = "[No Variations]"
Add component (AddParameter): Name = "Manufacturer"; Value = "Molex"; VariantName = "[No Variations]"
Add component (AddParameter): Name = "Max Operating Temperature"; Value = "75 degC"; VariantName = "[No Variations]"
Add component (AddParameter): Name = "Min Operating Temperature"; Value = "0 degC"; VariantName = "[No Variations]"
Add component (AddParameter): Name = "Mount"; Value = "Through Hole"; VariantName = "[No Variations]"
Add component (AddParameter): Name = "Mounting Technology"; Value = "Through Hole"; VariantName = "[No Variations]"
Add component (AddParameter): Name = "Package Quantity"; Value = "1"; VariantName = "[No Variations]"
Add component (AddParameter): Name = "PackageDescription"; Value = "Male Header, Pitch 2.54 mm, 1 x 3 Position, Height 8.38 mm, Tail Length 3.18 mm"; VariantName = "[No Variations]"
Add component (AddParameter): Name = "PackageReference"; Value = "22-28-4033"; VariantName = "[No Variations]"
Add component (AddParameter): Name = "Packaging"; Value = "Bulk"; VariantName = "[No Variations]"
Add component (AddParameter): Name = "Pins"; Value = "3"; VariantName = "[No Variations]"
Add component (AddParameter): Name = "REACH SVHC"; Value = "Unknown"; VariantName = "[No Variations]"
Add component (AddParameter): Name = "RoHSCompliant"; Value = "true"; VariantName = "[No Variations]"
Add component (AddParameter): Name = "Rows"; Value = "1"; VariantName = "[No Variations]"
Add component (AddParameter): Name = "Voltage Rating"; Value = "250 V"; VariantName = "[No Variations]"
Added Component: Designator=P1B(MOLX-22-28-4033_V)
Add component (AddParameter): Name = "Colour"; Value = "Black"; VariantName = "[No Variations]"
Add component (AddParameter): Name = "ComponentLink1Description"; Value = "Manufacturer URL"; VariantName = "[No Variations]"
Add component (AddParameter): Name = "ComponentLink1URL"; Value = "http://www.molex.com/"; VariantName = "[No Variations]"
Add component (AddParameter): Name = "ComponentLink2Description"; Value = "Datasheet"; VariantName = "[No Variations]"
Add component (AddParameter): Name = "ComponentLink2URL"; Value = "http://www.molex.com/pdm_docs/sd/022284033_sd.pdf"; VariantName = "[No Variations]"
Add component (AddParameter): Name = "Contact Finish"; Value = "Gold"; VariantName = "[No Variations]"
Add component (AddParameter): Name = "Contact Material"; Value = "Brass"; VariantName = "[No Variations]"
Add component (AddParameter): Name = "Contact Plating"; Value = "Gold"; VariantName = "[No Variations]"
Add component (AddParameter): Name = "Current Rating"; Value = "4 A"; VariantName = "[No Variations]"
Add component (AddParameter): Name = "DatasheetVersion"; Value = "Rev. G, 01/2012"; VariantName = "[No Variations]"
Add component (AddParameter): Name = "Height"; Value = "8.38 mm"; VariantName = "[No Variations]"
Add component (AddParameter): Name = "Lead Pitch"; Value = "0.1 inch"; VariantName = "[No Variations]"
Add component (AddParameter): Name = "Length"; Value = "7.62 mm"; VariantName = "[No Variations]"
Add component (AddParameter): Name = "Manufacturer"; Value = "Molex"; VariantName = "[No Variations]"
Add component (AddParameter): Name = "Max Operating Temperature"; Value = "75 degC"; VariantName = "[No Variations]"
Add component (AddParameter): Name = "Min Operating Temperature"; Value = "0 degC"; VariantName = "[No Variations]"
Add component (AddParameter): Name = "Mount"; Value = "Through Hole"; VariantName = "[No Variations]"
Add component (AddParameter): Name = "Mounting Technology"; Value = "Through Hole"; VariantName = "[No Variations]"
Add component (AddParameter): Name = "Package Quantity"; Value = "1"; VariantName = "[No Variations]"
Add component (AddParameter): Name = "PackageDescription"; Value = "Male Header, Pitch 2.54 mm, 1 x 3 Position, Height 8.38 mm, Tail Length 3.18 mm"; VariantName = "[No Variations]"
Add component (AddParameter): Name = "PackageReference"; Value = "22-28-4033"; VariantName = "[No Variations]"
Add component (AddParameter): Name = "Packaging"; Value = "Bulk"; VariantName = "[No Variations]"
Add component (AddParameter): Name = "Pins"; Value = "3"; VariantName = "[No Variations]"
Add component (AddParameter): Name = "REACH SVHC"; Value = "Unknown"; VariantName = "[No Variations]"
Add component (AddParameter): Name = "RoHSCompliant"; Value = "true"; VariantName = "[No Variations]"
Add component (AddParameter): Name = "Rows"; Value = "1"; VariantName = "[No Variations]"
Add component (AddParameter): Name = "Voltage Rating"; Value = "250 V"; VariantName = "[No Variations]"
Added Component: Designator=P1C(MOLX-22-28-4033_V)
Add component (AddParameter): Name = "Colour"; Value = "Black"; VariantName = "[No Variations]"
Add component (AddParameter): Name = "ComponentLink1Description"; Value = "Manufacturer URL"; VariantName = "[No Variations]"
Add component (AddParameter): Name = "ComponentLink1URL"; Value = "http://www.molex.com/"; VariantName = "[No Variations]"
Add component (AddParameter): Name = "ComponentLink2Description"; Value = "Datasheet"; VariantName = "[No Variations]"
Add component (AddParameter): Name = "ComponentLink2URL"; Value = "http://www.molex.com/pdm_docs/sd/022284033_sd.pdf"; VariantName = "[No Variations]"
Add component (AddParameter): Name = "Contact Finish"; Value = "Gold"; VariantName = "[No Variations]"
Add component (AddParameter): Name = "Contact Material"; Value = "Brass"; VariantName = "[No Variations]"
Add component (AddParameter): Name = "Contact Plating"; Value = "Gold"; VariantName = "[No Variations]"
Add component (AddParameter): Name = "Current Rating"; Value = "4 A"; VariantName = "[No Variations]"
Add component (AddParameter): Name = "DatasheetVersion"; Value = "Rev. G, 01/2012"; VariantName = "[No Variations]"
Add component (AddParameter): Name = "Height"; Value = "8.38 mm"; VariantName = "[No Variations]"
Add component (AddParameter): Name = "Lead Pitch"; Value = "0.1 inch"; VariantName = "[No Variations]"
Add component (AddParameter): Name = "Length"; Value = "7.62 mm"; VariantName = "[No Variations]"
Add component (AddParameter): Name = "Manufacturer"; Value = "Molex"; VariantName = "[No Variations]"
Add component (AddParameter): Name = "Max Operating Temperature"; Value = "75 degC"; VariantName = "[No Variations]"
Add component (AddParameter): Name = "Min Operating Temperature"; Value = "0 degC"; VariantName = "[No Variations]"
Add component (AddParameter): Name = "Mount"; Value = "Through Hole"; VariantName = "[No Variations]"
Add component (AddParameter): Name = "Mounting Technology"; Value = "Through Hole"; VariantName = "[No Variations]"
Add component (AddParameter): Name = "Package Quantity"; Value = "1"; VariantName = "[No Variations]"
Add component (AddParameter): Name = "PackageDescription"; Value = "Male Header, Pitch 2.54 mm, 1 x 3 Position, Height 8.38 mm, Tail Length 3.18 mm"; VariantName = "[No Variations]"
Add component (AddParameter): Name = "PackageReference"; Value = "22-28-4033"; VariantName = "[No Variations]"
Add component (AddParameter): Name = "Packaging"; Value = "Bulk"; VariantName = "[No Variations]"
Add component (AddParameter): Name = "Pins"; Value = "3"; VariantName = "[No Variations]"
Add component (AddParameter): Name = "REACH SVHC"; Value = "Unknown"; VariantName = "[No Variations]"
Add component (AddParameter): Name = "RoHSCompliant"; Value = "true"; VariantName = "[No Variations]"
Add component (AddParameter): Name = "Rows"; Value = "1"; VariantName = "[No Variations]"
Add component (AddParameter): Name = "Voltage Rating"; Value = "250 V"; VariantName = "[No Variations]"
Added Component: Designator=P1D(MOLX-22-28-4033_V)
Add component (AddParameter): Name = "Colour"; Value = "Black"; VariantName = "[No Variations]"
Add component (AddParameter): Name = "ComponentLink1Description"; Value = "Manufacturer URL"; VariantName = "[No Variations]"
Add component (AddParameter): Name = "ComponentLink1URL"; Value = "http://www.molex.com/"; VariantName = "[No Variations]"
Add component (AddParameter): Name = "ComponentLink2Description"; Value = "Datasheet"; VariantName = "[No Variations]"
Add component (AddParameter): Name = "ComponentLink2URL"; Value = "http://www.molex.com/pdm_docs/sd/022284033_sd.pdf"; VariantName = "[No Variations]"
Add component (AddParameter): Name = "Contact Finish"; Value = "Gold"; VariantName = "[No Variations]"
Add component (AddParameter): Name = "Contact Material"; Value = "Brass"; VariantName = "[No Variations]"
Add component (AddParameter): Name = "Contact Plating"; Value = "Gold"; VariantName = "[No Variations]"
Add component (AddParameter): Name = "Current Rating"; Value = "4 A"; VariantName = "[No Variations]"
Add component (AddParameter): Name = "DatasheetVersion"; Value = "Rev. G, 01/2012"; VariantName = "[No Variations]"
Add component (AddParameter): Name = "Height"; Value = "8.38 mm"; VariantName = "[No Variations]"
Add component (AddParameter): Name = "Lead Pitch"; Value = "0.1 inch"; VariantName = "[No Variations]"
Add component (AddParameter): Name = "Length"; Value = "7.62 mm"; VariantName = "[No Variations]"
Add component (AddParameter): Name = "Manufacturer"; Value = "Molex"; VariantName = "[No Variations]"
Add component (AddParameter): Name = "Max Operating Temperature"; Value = "75 degC"; VariantName = "[No Variations]"
Add component (AddParameter): Name = "Min Operating Temperature"; Value = "0 degC"; VariantName = "[No Variations]"
Add component (AddParameter): Name = "Mount"; Value = "Through Hole"; VariantName = "[No Variations]"
Add component (AddParameter): Name = "Mounting Technology"; Value = "Through Hole"; VariantName = "[No Variations]"
Add component (AddParameter): Name = "Package Quantity"; Value = "1"; VariantName = "[No Variations]"
Add component (AddParameter): Name = "PackageDescription"; Value = "Male Header, Pitch 2.54 mm, 1 x 3 Position, Height 8.38 mm, Tail Length 3.18 mm"; VariantName = "[No Variations]"
Add component (AddParameter): Name = "PackageReference"; Value = "22-28-4033"; VariantName = "[No Variations]"
Add component (AddParameter): Name = "Packaging"; Value = "Bulk"; VariantName = "[No Variations]"
Add component (AddParameter): Name = "Pins"; Value = "3"; VariantName = "[No Variations]"
Add component (AddParameter): Name = "REACH SVHC"; Value = "Unknown"; VariantName = "[No Variations]"
Add component (AddParameter): Name = "RoHSCompliant"; Value = "true"; VariantName = "[No Variations]"
Add component (AddParameter): Name = "Rows"; Value = "1"; VariantName = "[No Variations]"
Add component (AddParameter): Name = "Voltage Rating"; Value = "250 V"; VariantName = "[No Variations]"
Added Component: Designator=Q1A(FP-PG-TO220-3-MFG)
Add component (AddParameter): Name = "Case/Package"; Value = "TO-220"; VariantName = "[No Variations]"
Add component (AddParameter): Name = "Continuous Drain Current (ID)"; Value = "55A"; VariantName = "[No Variations]"
Add component (AddParameter): Name = "Drain to Source Breakdown Voltage"; Value = "60V"; VariantName = "[No Variations]"
Add component (AddParameter): Name = "Drain to Source Resistance"; Value = "16.5mR"; VariantName = "[No Variations]"
Add component (AddParameter): Name = "Drain to Source Voltage (Vdss)"; Value = "60V"; VariantName = "[No Variations]"
Add component (AddParameter): Name = "Element Configuration"; Value = "Single"; VariantName = "[No Variations]"
Add component (AddParameter): Name = "Gate to Source Voltage (Vgs)"; Value = "20V"; VariantName = "[No Variations]"
Add component (AddParameter): Name = "Halogen Free"; Value = "Halogen Free"; VariantName = "[No Variations]"
Add component (AddParameter): Name = "Height"; Value = "0.65inch"; VariantName = "[No Variations]"
Add component (AddParameter): Name = "Input Capacitance"; Value = "1.812nF"; VariantName = "[No Variations]"
Add component (AddParameter): Name = "Lead Free"; Value = "Lead Free"; VariantName = "[No Variations]"
Add component (AddParameter): Name = "Length"; Value = "0.42inch"; VariantName = "[No Variations]"
Add component (AddParameter): Name = "Max Dual Supply Voltage"; Value = "60V"; VariantName = "[No Variations]"
Add component (AddParameter): Name = "Max Operating Temperature"; Value = "175°C"; VariantName = "[No Variations]"
Add component (AddParameter): Name = "Max Power Dissipation"; Value = "115W"; VariantName = "[No Variations]"
Add component (AddParameter): Name = "Min Operating Temperature"; Value = "-55°C"; VariantName = "[No Variations]"
Add component (AddParameter): Name = "Mount"; Value = "Through Hole"; VariantName = "[No Variations]"
Add component (AddParameter): Name = "Number of Pins"; Value = "3"; VariantName = "[No Variations]"
Add component (AddParameter): Name = "Packaging"; Value = "Rail/Tube"; VariantName = "[No Variations]"
Add component (AddParameter): Name = "Polarization"; Value = "N"; VariantName = "[No Variations]"
Add component (AddParameter): Name = "Power Dissipation"; Value = "115W"; VariantName = "[No Variations]"
Add component (AddParameter): Name = "Rds On Max"; Value = "16.5mR"; VariantName = "[No Variations]"
Add component (AddParameter): Name = "Reach SVHC Compliant"; Value = "Yes"; VariantName = "[No Variations]"
Add component (AddParameter): Name = "RoHS Compliant"; Value = "Yes"; VariantName = "[No Variations]"
Add component (AddParameter): Name = "Series"; Value = "HEXFET®"; VariantName = "[No Variations]"
Add component (AddParameter): Name = "Threshold Voltage"; Value = "4V"; VariantName = "[No Variations]"
Add component (AddParameter): Name = "Turn-Off Delay Time"; Value = "40ns"; VariantName = "[No Variations]"
Add component (AddParameter): Name = "Turn-On Delay Time"; Value = "13ns"; VariantName = "[No Variations]"
Add component (AddParameter): Name = "Width"; Value = "0.19inch"; VariantName = "[No Variations]"
Added Component: Designator=Q1B(FP-PG-TO220-3-MFG)
Add component (AddParameter): Name = "Case/Package"; Value = "TO-220"; VariantName = "[No Variations]"
Add component (AddParameter): Name = "Continuous Drain Current (ID)"; Value = "55A"; VariantName = "[No Variations]"
Add component (AddParameter): Name = "Drain to Source Breakdown Voltage"; Value = "60V"; VariantName = "[No Variations]"
Add component (AddParameter): Name = "Drain to Source Resistance"; Value = "16.5mR"; VariantName = "[No Variations]"
Add component (AddParameter): Name = "Drain to Source Voltage (Vdss)"; Value = "60V"; VariantName = "[No Variations]"
Add component (AddParameter): Name = "Element Configuration"; Value = "Single"; VariantName = "[No Variations]"
Add component (AddParameter): Name = "Gate to Source Voltage (Vgs)"; Value = "20V"; VariantName = "[No Variations]"
Add component (AddParameter): Name = "Halogen Free"; Value = "Halogen Free"; VariantName = "[No Variations]"
Add component (AddParameter): Name = "Height"; Value = "0.65inch"; VariantName = "[No Variations]"
Add component (AddParameter): Name = "Input Capacitance"; Value = "1.812nF"; VariantName = "[No Variations]"
Add component (AddParameter): Name = "Lead Free"; Value = "Lead Free"; VariantName = "[No Variations]"
Add component (AddParameter): Name = "Length"; Value = "0.42inch"; VariantName = "[No Variations]"
Add component (AddParameter): Name = "Max Dual Supply Voltage"; Value = "60V"; VariantName = "[No Variations]"
Add component (AddParameter): Name = "Max Operating Temperature"; Value = "175°C"; VariantName = "[No Variations]"
Add component (AddParameter): Name = "Max Power Dissipation"; Value = "115W"; VariantName = "[No Variations]"
Add component (AddParameter): Name = "Min Operating Temperature"; Value = "-55°C"; VariantName = "[No Variations]"
Add component (AddParameter): Name = "Mount"; Value = "Through Hole"; VariantName = "[No Variations]"
Add component (AddParameter): Name = "Number of Pins"; Value = "3"; VariantName = "[No Variations]"
Add component (AddParameter): Name = "Packaging"; Value = "Rail/Tube"; VariantName = "[No Variations]"
Add component (AddParameter): Name = "Polarization"; Value = "N"; VariantName = "[No Variations]"
Add component (AddParameter): Name = "Power Dissipation"; Value = "115W"; VariantName = "[No Variations]"
Add component (AddParameter): Name = "Rds On Max"; Value = "16.5mR"; VariantName = "[No Variations]"
Add component (AddParameter): Name = "Reach SVHC Compliant"; Value = "Yes"; VariantName = "[No Variations]"
Add component (AddParameter): Name = "RoHS Compliant"; Value = "Yes"; VariantName = "[No Variations]"
Add component (AddParameter): Name = "Series"; Value = "HEXFET®"; VariantName = "[No Variations]"
Add component (AddParameter): Name = "Threshold Voltage"; Value = "4V"; VariantName = "[No Variations]"
Add component (AddParameter): Name = "Turn-Off Delay Time"; Value = "40ns"; VariantName = "[No Variations]"
Add component (AddParameter): Name = "Turn-On Delay Time"; Value = "13ns"; VariantName = "[No Variations]"
Add component (AddParameter): Name = "Width"; Value = "0.19inch"; VariantName = "[No Variations]"
Added Component: Designator=Q1C(FP-PG-TO220-3-MFG)
Add component (AddParameter): Name = "Case/Package"; Value = "TO-220"; VariantName = "[No Variations]"
Add component (AddParameter): Name = "Continuous Drain Current (ID)"; Value = "55A"; VariantName = "[No Variations]"
Add component (AddParameter): Name = "Drain to Source Breakdown Voltage"; Value = "60V"; VariantName = "[No Variations]"
Add component (AddParameter): Name = "Drain to Source Resistance"; Value = "16.5mR"; VariantName = "[No Variations]"
Add component (AddParameter): Name = "Drain to Source Voltage (Vdss)"; Value = "60V"; VariantName = "[No Variations]"
Add component (AddParameter): Name = "Element Configuration"; Value = "Single"; VariantName = "[No Variations]"
Add component (AddParameter): Name = "Gate to Source Voltage (Vgs)"; Value = "20V"; VariantName = "[No Variations]"
Add component (AddParameter): Name = "Halogen Free"; Value = "Halogen Free"; VariantName = "[No Variations]"
Add component (AddParameter): Name = "Height"; Value = "0.65inch"; VariantName = "[No Variations]"
Add component (AddParameter): Name = "Input Capacitance"; Value = "1.812nF"; VariantName = "[No Variations]"
Add component (AddParameter): Name = "Lead Free"; Value = "Lead Free"; VariantName = "[No Variations]"
Add component (AddParameter): Name = "Length"; Value = "0.42inch"; VariantName = "[No Variations]"
Add component (AddParameter): Name = "Max Dual Supply Voltage"; Value = "60V"; VariantName = "[No Variations]"
Add component (AddParameter): Name = "Max Operating Temperature"; Value = "175°C"; VariantName = "[No Variations]"
Add component (AddParameter): Name = "Max Power Dissipation"; Value = "115W"; VariantName = "[No Variations]"
Add component (AddParameter): Name = "Min Operating Temperature"; Value = "-55°C"; VariantName = "[No Variations]"
Add component (AddParameter): Name = "Mount"; Value = "Through Hole"; VariantName = "[No Variations]"
Add component (AddParameter): Name = "Number of Pins"; Value = "3"; VariantName = "[No Variations]"
Add component (AddParameter): Name = "Packaging"; Value = "Rail/Tube"; VariantName = "[No Variations]"
Add component (AddParameter): Name = "Polarization"; Value = "N"; VariantName = "[No Variations]"
Add component (AddParameter): Name = "Power Dissipation"; Value = "115W"; VariantName = "[No Variations]"
Add component (AddParameter): Name = "Rds On Max"; Value = "16.5mR"; VariantName = "[No Variations]"
Add component (AddParameter): Name = "Reach SVHC Compliant"; Value = "Yes"; VariantName = "[No Variations]"
Add component (AddParameter): Name = "RoHS Compliant"; Value = "Yes"; VariantName = "[No Variations]"
Add component (AddParameter): Name = "Series"; Value = "HEXFET®"; VariantName = "[No Variations]"
Add component (AddParameter): Name = "Threshold Voltage"; Value = "4V"; VariantName = "[No Variations]"
Add component (AddParameter): Name = "Turn-Off Delay Time"; Value = "40ns"; VariantName = "[No Variations]"
Add component (AddParameter): Name = "Turn-On Delay Time"; Value = "13ns"; VariantName = "[No Variations]"
Add component (AddParameter): Name = "Width"; Value = "0.19inch"; VariantName = "[No Variations]"
Added Component: Designator=Q2A(FP-PG-TO220-3-MFG)
Add component (AddParameter): Name = "Case/Package"; Value = "TO-220"; VariantName = "[No Variations]"
Add component (AddParameter): Name = "Continuous Drain Current (ID)"; Value = "55A"; VariantName = "[No Variations]"
Add component (AddParameter): Name = "Drain to Source Breakdown Voltage"; Value = "60V"; VariantName = "[No Variations]"
Add component (AddParameter): Name = "Drain to Source Resistance"; Value = "16.5mR"; VariantName = "[No Variations]"
Add component (AddParameter): Name = "Drain to Source Voltage (Vdss)"; Value = "60V"; VariantName = "[No Variations]"
Add component (AddParameter): Name = "Element Configuration"; Value = "Single"; VariantName = "[No Variations]"
Add component (AddParameter): Name = "Gate to Source Voltage (Vgs)"; Value = "20V"; VariantName = "[No Variations]"
Add component (AddParameter): Name = "Halogen Free"; Value = "Halogen Free"; VariantName = "[No Variations]"
Add component (AddParameter): Name = "Height"; Value = "0.65inch"; VariantName = "[No Variations]"
Add component (AddParameter): Name = "Input Capacitance"; Value = "1.812nF"; VariantName = "[No Variations]"
Add component (AddParameter): Name = "Lead Free"; Value = "Lead Free"; VariantName = "[No Variations]"
Add component (AddParameter): Name = "Length"; Value = "0.42inch"; VariantName = "[No Variations]"
Add component (AddParameter): Name = "Max Dual Supply Voltage"; Value = "60V"; VariantName = "[No Variations]"
Add component (AddParameter): Name = "Max Operating Temperature"; Value = "175°C"; VariantName = "[No Variations]"
Add component (AddParameter): Name = "Max Power Dissipation"; Value = "115W"; VariantName = "[No Variations]"
Add component (AddParameter): Name = "Min Operating Temperature"; Value = "-55°C"; VariantName = "[No Variations]"
Add component (AddParameter): Name = "Mount"; Value = "Through Hole"; VariantName = "[No Variations]"
Add component (AddParameter): Name = "Number of Pins"; Value = "3"; VariantName = "[No Variations]"
Add component (AddParameter): Name = "Packaging"; Value = "Rail/Tube"; VariantName = "[No Variations]"
Add component (AddParameter): Name = "Polarization"; Value = "N"; VariantName = "[No Variations]"
Add component (AddParameter): Name = "Power Dissipation"; Value = "115W"; VariantName = "[No Variations]"
Add component (AddParameter): Name = "Rds On Max"; Value = "16.5mR"; VariantName = "[No Variations]"
Add component (AddParameter): Name = "Reach SVHC Compliant"; Value = "Yes"; VariantName = "[No Variations]"
Add component (AddParameter): Name = "RoHS Compliant"; Value = "Yes"; VariantName = "[No Variations]"
Add component (AddParameter): Name = "Series"; Value = "HEXFET®"; VariantName = "[No Variations]"
Add component (AddParameter): Name = "Threshold Voltage"; Value = "4V"; VariantName = "[No Variations]"
Add component (AddParameter): Name = "Turn-Off Delay Time"; Value = "40ns"; VariantName = "[No Variations]"
Add component (AddParameter): Name = "Turn-On Delay Time"; Value = "13ns"; VariantName = "[No Variations]"
Add component (AddParameter): Name = "Width"; Value = "0.19inch"; VariantName = "[No Variations]"
Added Component: Designator=Q2B(FP-PG-TO220-3-MFG)
Add component (AddParameter): Name = "Case/Package"; Value = "TO-220"; VariantName = "[No Variations]"
Add component (AddParameter): Name = "Continuous Drain Current (ID)"; Value = "55A"; VariantName = "[No Variations]"
Add component (AddParameter): Name = "Drain to Source Breakdown Voltage"; Value = "60V"; VariantName = "[No Variations]"
Add component (AddParameter): Name = "Drain to Source Resistance"; Value = "16.5mR"; VariantName = "[No Variations]"
Add component (AddParameter): Name = "Drain to Source Voltage (Vdss)"; Value = "60V"; VariantName = "[No Variations]"
Add component (AddParameter): Name = "Element Configuration"; Value = "Single"; VariantName = "[No Variations]"
Add component (AddParameter): Name = "Gate to Source Voltage (Vgs)"; Value = "20V"; VariantName = "[No Variations]"
Add component (AddParameter): Name = "Halogen Free"; Value = "Halogen Free"; VariantName = "[No Variations]"
Add component (AddParameter): Name = "Height"; Value = "0.65inch"; VariantName = "[No Variations]"
Add component (AddParameter): Name = "Input Capacitance"; Value = "1.812nF"; VariantName = "[No Variations]"
Add component (AddParameter): Name = "Lead Free"; Value = "Lead Free"; VariantName = "[No Variations]"
Add component (AddParameter): Name = "Length"; Value = "0.42inch"; VariantName = "[No Variations]"
Add component (AddParameter): Name = "Max Dual Supply Voltage"; Value = "60V"; VariantName = "[No Variations]"
Add component (AddParameter): Name = "Max Operating Temperature"; Value = "175°C"; VariantName = "[No Variations]"
Add component (AddParameter): Name = "Max Power Dissipation"; Value = "115W"; VariantName = "[No Variations]"
Add component (AddParameter): Name = "Min Operating Temperature"; Value = "-55°C"; VariantName = "[No Variations]"
Add component (AddParameter): Name = "Mount"; Value = "Through Hole"; VariantName = "[No Variations]"
Add component (AddParameter): Name = "Number of Pins"; Value = "3"; VariantName = "[No Variations]"
Add component (AddParameter): Name = "Packaging"; Value = "Rail/Tube"; VariantName = "[No Variations]"
Add component (AddParameter): Name = "Polarization"; Value = "N"; VariantName = "[No Variations]"
Add component (AddParameter): Name = "Power Dissipation"; Value = "115W"; VariantName = "[No Variations]"
Add component (AddParameter): Name = "Rds On Max"; Value = "16.5mR"; VariantName = "[No Variations]"
Add component (AddParameter): Name = "Reach SVHC Compliant"; Value = "Yes"; VariantName = "[No Variations]"
Add component (AddParameter): Name = "RoHS Compliant"; Value = "Yes"; VariantName = "[No Variations]"
Add component (AddParameter): Name = "Series"; Value = "HEXFET®"; VariantName = "[No Variations]"
Add component (AddParameter): Name = "Threshold Voltage"; Value = "4V"; VariantName = "[No Variations]"
Add component (AddParameter): Name = "Turn-Off Delay Time"; Value = "40ns"; VariantName = "[No Variations]"
Add component (AddParameter): Name = "Turn-On Delay Time"; Value = "13ns"; VariantName = "[No Variations]"
Add component (AddParameter): Name = "Width"; Value = "0.19inch"; VariantName = "[No Variations]"
Added Component: Designator=Q2C(FP-PG-TO220-3-MFG)
Add component (AddParameter): Name = "Case/Package"; Value = "TO-220"; VariantName = "[No Variations]"
Add component (AddParameter): Name = "Continuous Drain Current (ID)"; Value = "55A"; VariantName = "[No Variations]"
Add component (AddParameter): Name = "Drain to Source Breakdown Voltage"; Value = "60V"; VariantName = "[No Variations]"
Add component (AddParameter): Name = "Drain to Source Resistance"; Value = "16.5mR"; VariantName = "[No Variations]"
Add component (AddParameter): Name = "Drain to Source Voltage (Vdss)"; Value = "60V"; VariantName = "[No Variations]"
Add component (AddParameter): Name = "Element Configuration"; Value = "Single"; VariantName = "[No Variations]"
Add component (AddParameter): Name = "Gate to Source Voltage (Vgs)"; Value = "20V"; VariantName = "[No Variations]"
Add component (AddParameter): Name = "Halogen Free"; Value = "Halogen Free"; VariantName = "[No Variations]"
Add component (AddParameter): Name = "Height"; Value = "0.65inch"; VariantName = "[No Variations]"
Add component (AddParameter): Name = "Input Capacitance"; Value = "1.812nF"; VariantName = "[No Variations]"
Add component (AddParameter): Name = "Lead Free"; Value = "Lead Free"; VariantName = "[No Variations]"
Add component (AddParameter): Name = "Length"; Value = "0.42inch"; VariantName = "[No Variations]"
Add component (AddParameter): Name = "Max Dual Supply Voltage"; Value = "60V"; VariantName = "[No Variations]"
Add component (AddParameter): Name = "Max Operating Temperature"; Value = "175°C"; VariantName = "[No Variations]"
Add component (AddParameter): Name = "Max Power Dissipation"; Value = "115W"; VariantName = "[No Variations]"
Add component (AddParameter): Name = "Min Operating Temperature"; Value = "-55°C"; VariantName = "[No Variations]"
Add component (AddParameter): Name = "Mount"; Value = "Through Hole"; VariantName = "[No Variations]"
Add component (AddParameter): Name = "Number of Pins"; Value = "3"; VariantName = "[No Variations]"
Add component (AddParameter): Name = "Packaging"; Value = "Rail/Tube"; VariantName = "[No Variations]"
Add component (AddParameter): Name = "Polarization"; Value = "N"; VariantName = "[No Variations]"
Add component (AddParameter): Name = "Power Dissipation"; Value = "115W"; VariantName = "[No Variations]"
Add component (AddParameter): Name = "Rds On Max"; Value = "16.5mR"; VariantName = "[No Variations]"
Add component (AddParameter): Name = "Reach SVHC Compliant"; Value = "Yes"; VariantName = "[No Variations]"
Add component (AddParameter): Name = "RoHS Compliant"; Value = "Yes"; VariantName = "[No Variations]"
Add component (AddParameter): Name = "Series"; Value = "HEXFET®"; VariantName = "[No Variations]"
Add component (AddParameter): Name = "Threshold Voltage"; Value = "4V"; VariantName = "[No Variations]"
Add component (AddParameter): Name = "Turn-Off Delay Time"; Value = "40ns"; VariantName = "[No Variations]"
Add component (AddParameter): Name = "Turn-On Delay Time"; Value = "13ns"; VariantName = "[No Variations]"
Add component (AddParameter): Name = "Width"; Value = "0.19inch"; VariantName = "[No Variations]"
Added Component: Designator=Q3(FP-PG-TO220-3-MFG)
Add component (AddParameter): Name = "Case/Package"; Value = "TO-220"; VariantName = "[No Variations]"
Add component (AddParameter): Name = "Continuous Drain Current (ID)"; Value = "55A"; VariantName = "[No Variations]"
Add component (AddParameter): Name = "Drain to Source Breakdown Voltage"; Value = "60V"; VariantName = "[No Variations]"
Add component (AddParameter): Name = "Drain to Source Resistance"; Value = "16.5mR"; VariantName = "[No Variations]"
Add component (AddParameter): Name = "Drain to Source Voltage (Vdss)"; Value = "60V"; VariantName = "[No Variations]"
Add component (AddParameter): Name = "Element Configuration"; Value = "Single"; VariantName = "[No Variations]"
Add component (AddParameter): Name = "Gate to Source Voltage (Vgs)"; Value = "20V"; VariantName = "[No Variations]"
Add component (AddParameter): Name = "Halogen Free"; Value = "Halogen Free"; VariantName = "[No Variations]"
Add component (AddParameter): Name = "Height"; Value = "0.65inch"; VariantName = "[No Variations]"
Add component (AddParameter): Name = "Input Capacitance"; Value = "1.812nF"; VariantName = "[No Variations]"
Add component (AddParameter): Name = "Lead Free"; Value = "Lead Free"; VariantName = "[No Variations]"
Add component (AddParameter): Name = "Length"; Value = "0.42inch"; VariantName = "[No Variations]"
Add component (AddParameter): Name = "Max Dual Supply Voltage"; Value = "60V"; VariantName = "[No Variations]"
Add component (AddParameter): Name = "Max Operating Temperature"; Value = "175°C"; VariantName = "[No Variations]"
Add component (AddParameter): Name = "Max Power Dissipation"; Value = "115W"; VariantName = "[No Variations]"
Add component (AddParameter): Name = "Min Operating Temperature"; Value = "-55°C"; VariantName = "[No Variations]"
Add component (AddParameter): Name = "Mount"; Value = "Through Hole"; VariantName = "[No Variations]"
Add component (AddParameter): Name = "Number of Pins"; Value = "3"; VariantName = "[No Variations]"
Add component (AddParameter): Name = "Packaging"; Value = "Rail/Tube"; VariantName = "[No Variations]"
Add component (AddParameter): Name = "Polarization"; Value = "N"; VariantName = "[No Variations]"
Add component (AddParameter): Name = "Power Dissipation"; Value = "115W"; VariantName = "[No Variations]"
Add component (AddParameter): Name = "Rds On Max"; Value = "16.5mR"; VariantName = "[No Variations]"
Add component (AddParameter): Name = "Reach SVHC Compliant"; Value = "Yes"; VariantName = "[No Variations]"
Add component (AddParameter): Name = "RoHS Compliant"; Value = "Yes"; VariantName = "[No Variations]"
Add component (AddParameter): Name = "Series"; Value = "HEXFET®"; VariantName = "[No Variations]"
Add component (AddParameter): Name = "Threshold Voltage"; Value = "4V"; VariantName = "[No Variations]"
Add component (AddParameter): Name = "Turn-Off Delay Time"; Value = "40ns"; VariantName = "[No Variations]"
Add component (AddParameter): Name = "Turn-On Delay Time"; Value = "13ns"; VariantName = "[No Variations]"
Add component (AddParameter): Name = "Width"; Value = "0.19inch"; VariantName = "[No Variations]"
Added Component: Designator=Q4(FP-PG-TO220-3-MFG)
Add component (AddParameter): Name = "Case/Package"; Value = "TO-220"; VariantName = "[No Variations]"
Add component (AddParameter): Name = "Continuous Drain Current (ID)"; Value = "55A"; VariantName = "[No Variations]"
Add component (AddParameter): Name = "Drain to Source Breakdown Voltage"; Value = "60V"; VariantName = "[No Variations]"
Add component (AddParameter): Name = "Drain to Source Resistance"; Value = "16.5mR"; VariantName = "[No Variations]"
Add component (AddParameter): Name = "Drain to Source Voltage (Vdss)"; Value = "60V"; VariantName = "[No Variations]"
Add component (AddParameter): Name = "Element Configuration"; Value = "Single"; VariantName = "[No Variations]"
Add component (AddParameter): Name = "Gate to Source Voltage (Vgs)"; Value = "20V"; VariantName = "[No Variations]"
Add component (AddParameter): Name = "Halogen Free"; Value = "Halogen Free"; VariantName = "[No Variations]"
Add component (AddParameter): Name = "Height"; Value = "0.65inch"; VariantName = "[No Variations]"
Add component (AddParameter): Name = "Input Capacitance"; Value = "1.812nF"; VariantName = "[No Variations]"
Add component (AddParameter): Name = "Lead Free"; Value = "Lead Free"; VariantName = "[No Variations]"
Add component (AddParameter): Name = "Length"; Value = "0.42inch"; VariantName = "[No Variations]"
Add component (AddParameter): Name = "Max Dual Supply Voltage"; Value = "60V"; VariantName = "[No Variations]"
Add component (AddParameter): Name = "Max Operating Temperature"; Value = "175°C"; VariantName = "[No Variations]"
Add component (AddParameter): Name = "Max Power Dissipation"; Value = "115W"; VariantName = "[No Variations]"
Add component (AddParameter): Name = "Min Operating Temperature"; Value = "-55°C"; VariantName = "[No Variations]"
Add component (AddParameter): Name = "Mount"; Value = "Through Hole"; VariantName = "[No Variations]"
Add component (AddParameter): Name = "Number of Pins"; Value = "3"; VariantName = "[No Variations]"
Add component (AddParameter): Name = "Packaging"; Value = "Rail/Tube"; VariantName = "[No Variations]"
Add component (AddParameter): Name = "Polarization"; Value = "N"; VariantName = "[No Variations]"
Add component (AddParameter): Name = "Power Dissipation"; Value = "115W"; VariantName = "[No Variations]"
Add component (AddParameter): Name = "Rds On Max"; Value = "16.5mR"; VariantName = "[No Variations]"
Add component (AddParameter): Name = "Reach SVHC Compliant"; Value = "Yes"; VariantName = "[No Variations]"
Add component (AddParameter): Name = "RoHS Compliant"; Value = "Yes"; VariantName = "[No Variations]"
Add component (AddParameter): Name = "Series"; Value = "HEXFET®"; VariantName = "[No Variations]"
Add component (AddParameter): Name = "Threshold Voltage"; Value = "4V"; VariantName = "[No Variations]"
Add component (AddParameter): Name = "Turn-Off Delay Time"; Value = "40ns"; VariantName = "[No Variations]"
Add component (AddParameter): Name = "Turn-On Delay Time"; Value = "13ns"; VariantName = "[No Variations]"
Add component (AddParameter): Name = "Width"; Value = "0.19inch"; VariantName = "[No Variations]"
Added Component: Designator=R1(1206_R)
Added Component: Designator=R2(1206_R)
Added Component: Designator=R3(1206_R)
Added Component: Designator=R4(1206_R)
Added Component: Designator=R5(1206_R)
Added Component: Designator=R6(1206_R)
Added Component: Designator=R7(1206_R)
Added Component: Designator=R8(1206_R)
Added Component: Designator=R9(1206_R)
Added Component: Designator=R10(1206_R)
Added Component: Designator=R11(POT_T607_3D)
Added Component: Designator=R12A(1206_R)
Added Component: Designator=R12B(1206_R)
Added Component: Designator=R12C(1206_R)
Added Component: Designator=R12D(1206_R)
Added Component: Designator=R13A(1206_R)
Added Component: Designator=R13B(1206_R)
Added Component: Designator=R14A(1206_R)
Added Component: Designator=R14B(1206_R)
Added Component: Designator=R15A(1206_R)
Added Component: Designator=R15B(1206_R)
Added Component: Designator=R16A(1206_R)
Added Component: Designator=R16B(1206_R)
Added Component: Designator=R17A(1206_R)
Added Component: Designator=R17B(1206_R)
Added Component: Designator=R17C(1206_R)
Added Component: Designator=R17D(1206_R)
Added Component: Designator=R18A(1206_R)
Added Component: Designator=R18B(1206_R)
Added Component: Designator=R18C(1206_R)
Added Component: Designator=R18D(1206_R)
Added Component: Designator=R19A(1206_R)
Added Component: Designator=R19B(1206_R)
Added Component: Designator=R19C(1206_R)
Added Component: Designator=R19D(1206_R)
Added Component: Designator=R20A(1206_R)
Added Component: Designator=R20B(1206_R)
Added Component: Designator=R20C(1206_R)
Added Component: Designator=R20D(1206_R)
Added Component: Designator=R21A(1206_R)
Added Component: Designator=R21B(1206_R)
Added Component: Designator=R21C(1206_R)
Added Component: Designator=R21D(1206_R)
Added Component: Designator=R22A(1206_R)
Added Component: Designator=R22B(1206_R)
Added Component: Designator=R22C(1206_R)
Added Component: Designator=R22D(1206_R)
Added Component: Designator=S1(M3)
Added Component: Designator=S2(M3)
Added Component: Designator=S3(M3)
Added Component: Designator=S4(M3)
Added Component: Designator=S5(TASTERSMD_3D)
Added Component: Designator=ST1(MKDS 1,5/ 2)
Added Component: Designator=SW1(FP-ESB-33133-MFG)
Add component (AddParameter): Name = "Actuator Type"; Value = "Lever"; VariantName = "[No Variations]"
Add component (AddParameter): Name = "Contact Current Rating"; Value = "200mA"; VariantName = "[No Variations]"
Add component (AddParameter): Name = "Contact Plating"; Value = "Silver"; VariantName = "[No Variations]"
Add component (AddParameter): Name = "Current Rating"; Value = "200mA"; VariantName = "[No Variations]"
Add component (AddParameter): Name = "Lead Free"; Value = "Lead Free"; VariantName = "[No Variations]"
Add component (AddParameter): Name = "Length"; Value = "10mm"; VariantName = "[No Variations]"
Add component (AddParameter): Name = "Max Operating Temperature"; Value = "80°C"; VariantName = "[No Variations]"
Add component (AddParameter): Name = "Min Operating Temperature"; Value = "-30°C"; VariantName = "[No Variations]"
Add component (AddParameter): Name = "Mount"; Value = "Through Hole"; VariantName = "[No Variations]"
Add component (AddParameter): Name = "Orientation"; Value = "Vertical"; VariantName = "[No Variations]"
Add component (AddParameter): Name = "Package Quantity"; Value = "100"; VariantName = "[No Variations]"
Add component (AddParameter): Name = "Packaging"; Value = "Bulk"; VariantName = "[No Variations]"
Add component (AddParameter): Name = "Radiation Hardening"; Value = "No"; VariantName = "[No Variations]"
Add component (AddParameter): Name = "REACH SVHC"; Value = "No SVHC"; VariantName = "[No Variations]"
Add component (AddParameter): Name = "RoHS Compliant"; Value = "Yes"; VariantName = "[No Variations]"
Add component (AddParameter): Name = "Series"; Value = "ESB33"; VariantName = "[No Variations]"
Add component (AddParameter): Name = "Switch Function"; Value = "On-On"; VariantName = "[No Variations]"
Add component (AddParameter): Name = "Termination"; Value = "PC Pin"; VariantName = "[No Variations]"
Add component (AddParameter): Name = "Throw Configuration"; Value = "DPDT"; VariantName = "[No Variations]"
Add component (AddParameter): Name = "Voltage Rating (DC)"; Value = "14V"; VariantName = "[No Variations]"
Add component (AddParameter): Name = "Width"; Value = "10mm"; VariantName = "[No Variations]"
Added Component: Designator=U1(NUCLEO-G431KB)
Added Pin To Net: NetName=+3V3 Pin=C6A-2
Added Pin To Net: NetName=+3V3 Pin=C6B-2
Added Pin To Net: NetName=+3V3 Pin=C6C-2
Added Pin To Net: NetName=+3V3 Pin=C6D-2
Added Pin To Net: NetName=+3V3 Pin=C10A-2
Added Pin To Net: NetName=+3V3 Pin=C10B-2
Added Pin To Net: NetName=+3V3 Pin=C16A-2
Added Pin To Net: NetName=+3V3 Pin=C16B-2
Added Pin To Net: NetName=+3V3 Pin=C16C-2
Added Pin To Net: NetName=+3V3 Pin=C16D-2
Added Pin To Net: NetName=+3V3 Pin=C17A-2
Added Pin To Net: NetName=+3V3 Pin=C17B-2
Added Pin To Net: NetName=+3V3 Pin=C17C-2
Added Pin To Net: NetName=+3V3 Pin=C17D-2
Added Pin To Net: NetName=+3V3 Pin=IC1A-8
Added Pin To Net: NetName=+3V3 Pin=IC1B-8
Added Pin To Net: NetName=+3V3 Pin=IC1C-8
Added Pin To Net: NetName=+3V3 Pin=IC1D-8
Added Pin To Net: NetName=+3V3 Pin=IC2A-8
Added Pin To Net: NetName=+3V3 Pin=IC2B-8
Added Pin To Net: NetName=+3V3 Pin=IC3A-3
Added Pin To Net: NetName=+3V3 Pin=IC3A-8
Added Pin To Net: NetName=+3V3 Pin=IC3B-3
Added Pin To Net: NetName=+3V3 Pin=IC3B-8
Added Pin To Net: NetName=+3V3 Pin=IC3C-3
Added Pin To Net: NetName=+3V3 Pin=IC3C-8
Added Pin To Net: NetName=+3V3 Pin=IC3D-3
Added Pin To Net: NetName=+3V3 Pin=IC3D-8
Added Pin To Net: NetName=+3V3 Pin=LP3-1
Added Pin To Net: NetName=+3V3 Pin=P1A-1
Added Pin To Net: NetName=+3V3 Pin=P1B-1
Added Pin To Net: NetName=+3V3 Pin=P1C-1
Added Pin To Net: NetName=+3V3 Pin=P1D-1
Added Pin To Net: NetName=+3V3 Pin=R2-2
Added Pin To Net: NetName=+3V3 Pin=R9-2
Added Pin To Net: NetName=+3V3 Pin=R10-2
Added Pin To Net: NetName=+3V3 Pin=SW1-1
Added Pin To Net: NetName=+3V3 Pin=SW1-2
Added Pin To Net: NetName=+3V3 Pin=U1-17
Added Net: Name=+3V3
Added Pin To Net: NetName=AD_Poti Pin=C4-2
Added Pin To Net: NetName=AD_Poti Pin=R9-1
Added Pin To Net: NetName=AD_Poti Pin=R11-2
Added Pin To Net: NetName=AD_Poti Pin=U1-22
Added Net: Name=AD_Poti
Added Pin To Net: NetName=AD_U_HBA Pin=IC2B-1
Added Pin To Net: NetName=AD_U_HBA Pin=IC2B-2
Added Net: Name=AD_U_HBA
Added Pin To Net: NetName=AD_U_HBB Pin=IC2B-6
Added Pin To Net: NetName=AD_U_HBB Pin=IC2B-7
Added Net: Name=AD_U_HBB
Added Pin To Net: NetName=AD_U_HBC Pin=IC2A-1
Added Pin To Net: NetName=AD_U_HBC Pin=IC2A-2
Added Pin To Net: NetName=AD_U_HBC Pin=U1-16
Added Net: Name=AD_U_HBC
Added Pin To Net: NetName=AD_Uzk Pin=IC2A-6
Added Pin To Net: NetName=AD_Uzk Pin=IC2A-7
Added Pin To Net: NetName=AD_Uzk Pin=U1-15
Added Net: Name=AD_Uzk
Added Pin To Net: NetName=GateEnable_A Pin=IC3C-5
Added Pin To Net: NetName=GateEnable_A Pin=R6-2
Added Pin To Net: NetName=GateEnable_A Pin=U1-7
Added Net: Name=GateEnable_A
Added Pin To Net: NetName=GateEnable_B Pin=IC3B-5
Added Pin To Net: NetName=GateEnable_B Pin=R7-2
Added Pin To Net: NetName=GateEnable_B Pin=U1-10
Added Net: Name=GateEnable_B
Added Pin To Net: NetName=GateEnable_C Pin=IC3A-5
Added Pin To Net: NetName=GateEnable_C Pin=R8-2
Added Pin To Net: NetName=GateEnable_C Pin=U1-13
Added Net: Name=GateEnable_C
Added Pin To Net: NetName=GateEnable_HSS Pin=IC3D-5
Added Pin To Net: NetName=GateEnable_HSS Pin=R5-2
Added Pin To Net: NetName=GateEnable_HSS Pin=SW1-4
Added Net: Name=GateEnable_HSS
Added Pin To Net: NetName=GNDA Pin=C1-2
Added Pin To Net: NetName=GNDA Pin=C12-2
Added Pin To Net: NetName=GNDA Pin=C13-2
Added Pin To Net: NetName=GNDA Pin=C14A-1
Added Pin To Net: NetName=GNDA Pin=C14B-1
Added Pin To Net: NetName=GNDA Pin=C14C-1
Added Pin To Net: NetName=GNDA Pin=C14D-1
Added Pin To Net: NetName=GNDA Pin=C15A-2
Added Pin To Net: NetName=GNDA Pin=C15B-2
Added Pin To Net: NetName=GNDA Pin=C15C-2
Added Pin To Net: NetName=GNDA Pin=C15D-2
Added Pin To Net: NetName=GNDA Pin=C19A-1
Added Pin To Net: NetName=GNDA Pin=C19B-1
Added Pin To Net: NetName=GNDA Pin=C19C-1
Added Pin To Net: NetName=GNDA Pin=C19D-1
Added Pin To Net: NetName=GNDA Pin=C20A-1
Added Pin To Net: NetName=GNDA Pin=C20B-1
Added Pin To Net: NetName=GNDA Pin=C20C-1
Added Pin To Net: NetName=GNDA Pin=C20D-1
Added Pin To Net: NetName=GNDA Pin=D2A-1
Added Pin To Net: NetName=GNDA Pin=D2B-1
Added Pin To Net: NetName=GNDA Pin=D2C-1
Added Pin To Net: NetName=GNDA Pin=D5A-2
Added Pin To Net: NetName=GNDA Pin=D5B-2
Added Pin To Net: NetName=GNDA Pin=D5C-2
Added Pin To Net: NetName=GNDA Pin=D5D-2
Added Pin To Net: NetName=GNDA Pin=IC1D-3
Added Pin To Net: NetName=GNDA Pin=IC1D-4
Added Pin To Net: NetName=GNDA Pin=IC3A-9
Added Pin To Net: NetName=GNDA Pin=IC3A-15
Added Pin To Net: NetName=GNDA Pin=IC3A-16
Added Pin To Net: NetName=GNDA Pin=IC3B-9
Added Pin To Net: NetName=GNDA Pin=IC3B-15
Added Pin To Net: NetName=GNDA Pin=IC3B-16
Added Pin To Net: NetName=GNDA Pin=IC3C-9
Added Pin To Net: NetName=GNDA Pin=IC3C-15
Added Pin To Net: NetName=GNDA Pin=IC3C-16
Added Pin To Net: NetName=GNDA Pin=IC3D-9
Added Pin To Net: NetName=GNDA Pin=IC3D-15
Added Pin To Net: NetName=GNDA Pin=IC3D-16
Added Pin To Net: NetName=GNDA Pin=LP1-1
Added Pin To Net: NetName=GNDA Pin=LP6-1
Added Pin To Net: NetName=GNDA Pin=Q2A-3
Added Pin To Net: NetName=GNDA Pin=Q2B-3
Added Pin To Net: NetName=GNDA Pin=Q2C-3
Added Pin To Net: NetName=GNDA Pin=R1-1
Added Pin To Net: NetName=GNDA Pin=R18A-1
Added Pin To Net: NetName=GNDA Pin=R18B-1
Added Pin To Net: NetName=GNDA Pin=R18C-1
Added Pin To Net: NetName=GNDA Pin=R18D-1
Added Pin To Net: NetName=GNDA Pin=R22A-1
Added Pin To Net: NetName=GNDA Pin=R22B-1
Added Pin To Net: NetName=GNDA Pin=R22C-1
Added Pin To Net: NetName=GNDA Pin=R22D-1
Added Net: Name=GNDA
Added Pin To Net: NetName=HB_A_AC Pin=IC1C-3
Added Pin To Net: NetName=HB_A_AC Pin=IC1C-4
Added Pin To Net: NetName=HB_A_AC Pin=J1-1
Added Pin To Net: NetName=HB_A_AC Pin=R13B-2
Added Pin To Net: NetName=HB_A_AC Pin=U1-24
Added Net: Name=HB_A_AC
Added Pin To Net: NetName=HB_B_AC Pin=IC1B-3
Added Pin To Net: NetName=HB_B_AC Pin=IC1B-4
Added Pin To Net: NetName=HB_B_AC Pin=J1-2
Added Pin To Net: NetName=HB_B_AC Pin=R14B-2
Added Pin To Net: NetName=HB_B_AC Pin=U1-23
Added Net: Name=HB_B_AC
Added Pin To Net: NetName=HB_C_AC Pin=IC1A-3
Added Pin To Net: NetName=HB_C_AC Pin=IC1A-4
Added Pin To Net: NetName=HB_C_AC Pin=J1-3
Added Pin To Net: NetName=HB_C_AC Pin=R13A-2
Added Net: Name=HB_C_AC
Added Pin To Net: NetName=I_PhaseA Pin=C8C-2
Added Pin To Net: NetName=I_PhaseA Pin=R12C-2
Added Pin To Net: NetName=I_PhaseA Pin=U1-20
Added Net: Name=I_PhaseA
Added Pin To Net: NetName=I_PhaseB Pin=C8B-2
Added Pin To Net: NetName=I_PhaseB Pin=R12B-2
Added Pin To Net: NetName=I_PhaseB Pin=U1-26
Added Net: Name=I_PhaseB
Added Pin To Net: NetName=I_PhaseC Pin=C8A-2
Added Pin To Net: NetName=I_PhaseC Pin=R12A-2
Added Pin To Net: NetName=I_PhaseC Pin=U1-21
Added Net: Name=I_PhaseC
Added Pin To Net: NetName=NetB1_1 Pin=B1-1
Added Pin To Net: NetName=NetB1_1 Pin=ST1-1
Added Net: Name=NetB1_1
Added Pin To Net: NetName=NetB1_2 Pin=B1-2
Added Pin To Net: NetName=NetB1_2 Pin=C2-1
Added Pin To Net: NetName=NetB1_2 Pin=C3-1
Added Pin To Net: NetName=NetB1_2 Pin=J2-2
Added Pin To Net: NetName=NetB1_2 Pin=J2-3
Added Pin To Net: NetName=NetB1_2 Pin=ST1-2
Added Net: Name=NetB1_2
Added Pin To Net: NetName=NetB1_4 Pin=B1-4
Added Pin To Net: NetName=NetB1_4 Pin=B1-5
Added Pin To Net: NetName=NetB1_4 Pin=C2-2
Added Net: Name=NetB1_4
Added Pin To Net: NetName=NetC7A_2 Pin=C7A-2
Added Pin To Net: NetName=NetC7A_2 Pin=IC1A-7
Added Pin To Net: NetName=NetC7A_2 Pin=R12A-1
Added Net: Name=NetC7A_2
Added Pin To Net: NetName=NetC7B_2 Pin=C7B-2
Added Pin To Net: NetName=NetC7B_2 Pin=IC1B-7
Added Pin To Net: NetName=NetC7B_2 Pin=R12B-1
Added Net: Name=NetC7B_2
Added Pin To Net: NetName=NetC7C_2 Pin=C7C-2
Added Pin To Net: NetName=NetC7C_2 Pin=IC1C-7
Added Pin To Net: NetName=NetC7C_2 Pin=R12C-1
Added Net: Name=NetC7C_2
Added Pin To Net: NetName=NetC7D_2 Pin=C7D-2
Added Pin To Net: NetName=NetC7D_2 Pin=IC1D-7
Added Pin To Net: NetName=NetC7D_2 Pin=R12D-1
Added Net: Name=NetC7D_2
Added Pin To Net: NetName=NetC9A_2 Pin=C9A-2
Added Pin To Net: NetName=NetC9A_2 Pin=IC2A-5
Added Pin To Net: NetName=NetC9A_2 Pin=R14A-1
Added Pin To Net: NetName=NetC9A_2 Pin=R15A-2
Added Net: Name=NetC9A_2
Added Pin To Net: NetName=NetC9B_2 Pin=C9B-2
Added Pin To Net: NetName=NetC9B_2 Pin=IC2B-5
Added Pin To Net: NetName=NetC9B_2 Pin=R14B-1
Added Pin To Net: NetName=NetC9B_2 Pin=R15B-2
Added Net: Name=NetC9B_2
Added Pin To Net: NetName=NetC11A_2 Pin=C11A-2
Added Pin To Net: NetName=NetC11A_2 Pin=IC2A-3
Added Pin To Net: NetName=NetC11A_2 Pin=R13A-1
Added Pin To Net: NetName=NetC11A_2 Pin=R16A-2
Added Net: Name=NetC11A_2
Added Pin To Net: NetName=NetC11B_2 Pin=C11B-2
Added Pin To Net: NetName=NetC11B_2 Pin=IC2B-3
Added Pin To Net: NetName=NetC11B_2 Pin=R13B-1
Added Pin To Net: NetName=NetC11B_2 Pin=R16B-2
Added Net: Name=NetC11B_2
Added Pin To Net: NetName=NetC15A_1 Pin=C15A-1
Added Pin To Net: NetName=NetC15A_1 Pin=D1A-1
Added Pin To Net: NetName=NetC15A_1 Pin=D2A-2
Added Pin To Net: NetName=NetC15A_1 Pin=IC1A-1
Added Pin To Net: NetName=NetC15A_1 Pin=IC1A-2
Added Pin To Net: NetName=NetC15A_1 Pin=IC3A-14
Added Pin To Net: NetName=NetC15A_1 Pin=Q1A-3
Added Pin To Net: NetName=NetC15A_1 Pin=Q2A-2
Added Pin To Net: NetName=NetC15A_1 Pin=R19A-2
Added Net: Name=NetC15A_1
Added Pin To Net: NetName=NetC15B_1 Pin=C15B-1
Added Pin To Net: NetName=NetC15B_1 Pin=D1B-1
Added Pin To Net: NetName=NetC15B_1 Pin=D2B-2
Added Pin To Net: NetName=NetC15B_1 Pin=IC1B-1
Added Pin To Net: NetName=NetC15B_1 Pin=IC1B-2
Added Pin To Net: NetName=NetC15B_1 Pin=IC3B-14
Added Pin To Net: NetName=NetC15B_1 Pin=Q1B-3
Added Pin To Net: NetName=NetC15B_1 Pin=Q2B-2
Added Pin To Net: NetName=NetC15B_1 Pin=R19B-2
Added Net: Name=NetC15B_1
Added Pin To Net: NetName=NetC15C_1 Pin=C15C-1
Added Pin To Net: NetName=NetC15C_1 Pin=D1C-1
Added Pin To Net: NetName=NetC15C_1 Pin=D2C-2
Added Pin To Net: NetName=NetC15C_1 Pin=IC1C-1
Added Pin To Net: NetName=NetC15C_1 Pin=IC1C-2
Added Pin To Net: NetName=NetC15C_1 Pin=IC3C-14
Added Pin To Net: NetName=NetC15C_1 Pin=Q1C-3
Added Pin To Net: NetName=NetC15C_1 Pin=Q2C-2
Added Pin To Net: NetName=NetC15C_1 Pin=R19C-2
Added Net: Name=NetC15C_1
Added Pin To Net: NetName=NetC15D_1 Pin=C15D-1
Added Pin To Net: NetName=NetC15D_1 Pin=D3-1
Added Pin To Net: NetName=NetC15D_1 Pin=D3-2
Added Pin To Net: NetName=NetC15D_1 Pin=D4-3
Added Pin To Net: NetName=NetC15D_1 Pin=IC3D-14
Added Pin To Net: NetName=NetC15D_1 Pin=L1-2
Added Pin To Net: NetName=NetC15D_1 Pin=Q3-3
Added Pin To Net: NetName=NetC15D_1 Pin=Q4-2
Added Pin To Net: NetName=NetC15D_1 Pin=R19D-2
Added Net: Name=NetC15D_1
Added Pin To Net: NetName=NetC18A_2 Pin=C18A-2
Added Pin To Net: NetName=NetC18A_2 Pin=IC3A-6
Added Pin To Net: NetName=NetC18A_2 Pin=R21A-2
Added Net: Name=NetC18A_2
Added Pin To Net: NetName=NetC18B_2 Pin=C18B-2
Added Pin To Net: NetName=NetC18B_2 Pin=IC3B-6
Added Pin To Net: NetName=NetC18B_2 Pin=R21B-2
Added Net: Name=NetC18B_2
Added Pin To Net: NetName=NetC18C_2 Pin=C18C-2
Added Pin To Net: NetName=NetC18C_2 Pin=IC3C-6
Added Pin To Net: NetName=NetC18C_2 Pin=R21C-2
Added Net: Name=NetC18C_2
Added Pin To Net: NetName=NetC18D_2 Pin=C18D-2
Added Pin To Net: NetName=NetC18D_2 Pin=IC3D-6
Added Pin To Net: NetName=NetC18D_2 Pin=R21D-2
Added Net: Name=NetC18D_2
Added Pin To Net: NetName=NetD4_1 Pin=D4-1
Added Pin To Net: NetName=NetD4_1 Pin=D4-2
Added Pin To Net: NetName=NetD4_1 Pin=IC1D-1
Added Pin To Net: NetName=NetD4_1 Pin=IC1D-2
Added Pin To Net: NetName=NetD4_1 Pin=Q4-3
Added Net: Name=NetD4_1
Added Pin To Net: NetName=NetD5A_1 Pin=D5A-1
Added Pin To Net: NetName=NetD5A_1 Pin=R17A-2
Added Net: Name=NetD5A_1
Added Pin To Net: NetName=NetD5B_1 Pin=D5B-1
Added Pin To Net: NetName=NetD5B_1 Pin=R17B-2
Added Net: Name=NetD5B_1
Added Pin To Net: NetName=NetD5C_1 Pin=D5C-1
Added Pin To Net: NetName=NetD5C_1 Pin=R17C-2
Added Net: Name=NetD5C_1
Added Pin To Net: NetName=NetD5D_1 Pin=D5D-1
Added Pin To Net: NetName=NetD5D_1 Pin=R17D-2
Added Net: Name=NetD5D_1
Added Pin To Net: NetName=NetIC1A_6 Pin=IC1A-6
Added Pin To Net: NetName=NetIC1A_6 Pin=P1A-2
Added Net: Name=NetIC1A_6
Added Pin To Net: NetName=NetIC1B_6 Pin=IC1B-6
Added Pin To Net: NetName=NetIC1B_6 Pin=P1B-2
Added Net: Name=NetIC1B_6
Added Pin To Net: NetName=NetIC1C_6 Pin=IC1C-6
Added Pin To Net: NetName=NetIC1C_6 Pin=P1C-2
Added Net: Name=NetIC1C_6
Added Pin To Net: NetName=NetIC1D_6 Pin=IC1D-6
Added Pin To Net: NetName=NetIC1D_6 Pin=P1D-2
Added Net: Name=NetIC1D_6
Added Pin To Net: NetName=NetIC3A_10 Pin=IC3A-10
Added Pin To Net: NetName=NetIC3A_10 Pin=R20A-1
Added Net: Name=NetIC3A_10
Added Pin To Net: NetName=NetIC3B_10 Pin=IC3B-10
Added Pin To Net: NetName=NetIC3B_10 Pin=R20B-1
Added Net: Name=NetIC3B_10
Added Pin To Net: NetName=NetIC3C_10 Pin=IC3C-10
Added Pin To Net: NetName=NetIC3C_10 Pin=R20C-1
Added Net: Name=NetIC3C_10
Added Pin To Net: NetName=NetIC3D_10 Pin=IC3D-10
Added Pin To Net: NetName=NetIC3D_10 Pin=R20D-1
Added Net: Name=NetIC3D_10
Added Pin To Net: NetName=NetLED1_1 Pin=LED1-1
Added Pin To Net: NetName=NetLED1_1 Pin=R2-1
Added Net: Name=NetLED1_1
Added Pin To Net: NetName=NetLED2_1 Pin=LED2-1
Added Pin To Net: NetName=NetLED2_1 Pin=R3-1
Added Net: Name=NetLED2_1
Added Pin To Net: NetName=NetLED3_1 Pin=LED3-1
Added Pin To Net: NetName=NetLED3_1 Pin=R4-1
Added Net: Name=NetLED3_1
Added Pin To Net: NetName=NetLED4_1 Pin=LED4-1
Added Pin To Net: NetName=NetLED4_1 Pin=R5-1
Added Net: Name=NetLED4_1
Added Pin To Net: NetName=NetLED5_1 Pin=LED5-1
Added Pin To Net: NetName=NetLED5_1 Pin=R6-1
Added Net: Name=NetLED5_1
Added Pin To Net: NetName=NetLED6_1 Pin=LED6-1
Added Pin To Net: NetName=NetLED6_1 Pin=R7-1
Added Net: Name=NetLED6_1
Added Pin To Net: NetName=NetLED7_1 Pin=LED7-1
Added Pin To Net: NetName=NetLED7_1 Pin=R8-1
Added Net: Name=NetLED7_1
Added Pin To Net: NetName=NetQ1A_1 Pin=Q1A-1
Added Pin To Net: NetName=NetQ1A_1 Pin=R18A-2
Added Pin To Net: NetName=NetQ1A_1 Pin=R19A-1
Added Net: Name=NetQ1A_1
Added Pin To Net: NetName=NetQ1B_1 Pin=Q1B-1
Added Pin To Net: NetName=NetQ1B_1 Pin=R18B-2
Added Pin To Net: NetName=NetQ1B_1 Pin=R19B-1
Added Net: Name=NetQ1B_1
Added Pin To Net: NetName=NetQ1C_1 Pin=Q1C-1
Added Pin To Net: NetName=NetQ1C_1 Pin=R18C-2
Added Pin To Net: NetName=NetQ1C_1 Pin=R19C-1
Added Net: Name=NetQ1C_1
Added Pin To Net: NetName=NetQ2A_1 Pin=Q2A-1
Added Pin To Net: NetName=NetQ2A_1 Pin=R20A-2
Added Pin To Net: NetName=NetQ2A_1 Pin=R22A-2
Added Net: Name=NetQ2A_1
Added Pin To Net: NetName=NetQ2B_1 Pin=Q2B-1
Added Pin To Net: NetName=NetQ2B_1 Pin=R20B-2
Added Pin To Net: NetName=NetQ2B_1 Pin=R22B-2
Added Net: Name=NetQ2B_1
Added Pin To Net: NetName=NetQ2C_1 Pin=Q2C-1
Added Pin To Net: NetName=NetQ2C_1 Pin=R20C-2
Added Pin To Net: NetName=NetQ2C_1 Pin=R22C-2
Added Net: Name=NetQ2C_1
Added Pin To Net: NetName=NetQ3_1 Pin=Q3-1
Added Pin To Net: NetName=NetQ3_1 Pin=R18D-2
Added Pin To Net: NetName=NetQ3_1 Pin=R19D-1
Added Net: Name=NetQ3_1
Added Pin To Net: NetName=NetQ4_1 Pin=Q4-1
Added Pin To Net: NetName=NetQ4_1 Pin=R20D-2
Added Pin To Net: NetName=NetQ4_1 Pin=R22D-2
Added Net: Name=NetQ4_1
Added Pin To Net: NetName=PWM_A Pin=IC3C-1
Added Pin To Net: NetName=PWM_A Pin=U1-9
Added Net: Name=PWM_A
Added Pin To Net: NetName=PWM_B Pin=IC3B-1
Added Pin To Net: NetName=PWM_B Pin=U1-6
Added Net: Name=PWM_B
Added Pin To Net: NetName=PWM_C Pin=IC3A-1
Added Pin To Net: NetName=PWM_C Pin=U1-12
Added Net: Name=PWM_C
Added Pin To Net: NetName=PWM_HSS Pin=IC3D-1
Added Pin To Net: NetName=PWM_HSS Pin=U1-8
Added Net: Name=PWM_HSS
Added Pin To Net: NetName=SGNDA Pin=C4-1
Added Pin To Net: NetName=SGNDA Pin=C5-1
Added Pin To Net: NetName=SGNDA Pin=C6A-1
Added Pin To Net: NetName=SGNDA Pin=C6B-1
Added Pin To Net: NetName=SGNDA Pin=C6C-1
Added Pin To Net: NetName=SGNDA Pin=C6D-1
Added Pin To Net: NetName=SGNDA Pin=C7A-1
Added Pin To Net: NetName=SGNDA Pin=C7B-1
Added Pin To Net: NetName=SGNDA Pin=C7C-1
Added Pin To Net: NetName=SGNDA Pin=C7D-1
Added Pin To Net: NetName=SGNDA Pin=C8A-1
Added Pin To Net: NetName=SGNDA Pin=C8B-1
Added Pin To Net: NetName=SGNDA Pin=C8C-1
Added Pin To Net: NetName=SGNDA Pin=C8D-1
Added Pin To Net: NetName=SGNDA Pin=C9A-1
Added Pin To Net: NetName=SGNDA Pin=C9B-1
Added Pin To Net: NetName=SGNDA Pin=C10A-1
Added Pin To Net: NetName=SGNDA Pin=C10B-1
Added Pin To Net: NetName=SGNDA Pin=C11A-1
Added Pin To Net: NetName=SGNDA Pin=C11B-1
Added Pin To Net: NetName=SGNDA Pin=C16A-1
Added Pin To Net: NetName=SGNDA Pin=C16B-1
Added Pin To Net: NetName=SGNDA Pin=C16C-1
Added Pin To Net: NetName=SGNDA Pin=C16D-1
Added Pin To Net: NetName=SGNDA Pin=C17A-1
Added Pin To Net: NetName=SGNDA Pin=C17B-1
Added Pin To Net: NetName=SGNDA Pin=C17C-1
Added Pin To Net: NetName=SGNDA Pin=C17D-1
Added Pin To Net: NetName=SGNDA Pin=C18A-1
Added Pin To Net: NetName=SGNDA Pin=C18B-1
Added Pin To Net: NetName=SGNDA Pin=C18C-1
Added Pin To Net: NetName=SGNDA Pin=C18D-1
Added Pin To Net: NetName=SGNDA Pin=IC1A-5
Added Pin To Net: NetName=SGNDA Pin=IC1B-5
Added Pin To Net: NetName=SGNDA Pin=IC1C-5
Added Pin To Net: NetName=SGNDA Pin=IC1D-5
Added Pin To Net: NetName=SGNDA Pin=IC2A-4
Added Pin To Net: NetName=SGNDA Pin=IC2B-4
Added Pin To Net: NetName=SGNDA Pin=IC3A-4
Added Pin To Net: NetName=SGNDA Pin=IC3B-4
Added Pin To Net: NetName=SGNDA Pin=IC3C-4
Added Pin To Net: NetName=SGNDA Pin=IC3D-4
Added Pin To Net: NetName=SGNDA Pin=LED1-2
Added Pin To Net: NetName=SGNDA Pin=LED2-2
Added Pin To Net: NetName=SGNDA Pin=LED3-2
Added Pin To Net: NetName=SGNDA Pin=LED5-2
Added Pin To Net: NetName=SGNDA Pin=LED6-2
Added Pin To Net: NetName=SGNDA Pin=LED7-2
Added Pin To Net: NetName=SGNDA Pin=LP2-1
Added Pin To Net: NetName=SGNDA Pin=P1A-3
Added Pin To Net: NetName=SGNDA Pin=P1B-3
Added Pin To Net: NetName=SGNDA Pin=P1C-3
Added Pin To Net: NetName=SGNDA Pin=P1D-3
Added Pin To Net: NetName=SGNDA Pin=R1-2
Added Pin To Net: NetName=SGNDA Pin=R11-1
Added Pin To Net: NetName=SGNDA Pin=R15A-1
Added Pin To Net: NetName=SGNDA Pin=R15B-1
Added Pin To Net: NetName=SGNDA Pin=R16A-1
Added Pin To Net: NetName=SGNDA Pin=R16B-1
Added Pin To Net: NetName=SGNDA Pin=R21A-1
Added Pin To Net: NetName=SGNDA Pin=R21B-1
Added Pin To Net: NetName=SGNDA Pin=R21C-1
Added Pin To Net: NetName=SGNDA Pin=R21D-1
Added Pin To Net: NetName=SGNDA Pin=S5-2
Added Pin To Net: NetName=SGNDA Pin=S5-2
Added Pin To Net: NetName=SGNDA Pin=SW1-5
Added Pin To Net: NetName=SGNDA Pin=SW1-6
Added Pin To Net: NetName=SGNDA Pin=U1-4
Added Pin To Net: NetName=SGNDA Pin=U1-29
Added Net: Name=SGNDA
Added Pin To Net: NetName=Taster Pin=C5-2
Added Pin To Net: NetName=Taster Pin=R10-1
Added Pin To Net: NetName=Taster Pin=S5-1
Added Pin To Net: NetName=Taster Pin=S5-1
Added Pin To Net: NetName=Taster Pin=U1-25
Added Net: Name=Taster
Added Pin To Net: NetName=U_I_HSS Pin=C8D-2
Added Pin To Net: NetName=U_I_HSS Pin=R12D-2
Added Pin To Net: NetName=U_I_HSS Pin=U1-19
Added Net: Name=U_I_HSS
Added Pin To Net: NetName=Uin Pin=B1-3
Added Pin To Net: NetName=Uin Pin=C3-2
Added Pin To Net: NetName=Uin Pin=C13-1
Added Pin To Net: NetName=Uin Pin=C14A-2
Added Pin To Net: NetName=Uin Pin=C14B-2
Added Pin To Net: NetName=Uin Pin=C14C-2
Added Pin To Net: NetName=Uin Pin=C14D-2
Added Pin To Net: NetName=Uin Pin=C19A-2
Added Pin To Net: NetName=Uin Pin=C19B-2
Added Pin To Net: NetName=Uin Pin=C19C-2
Added Pin To Net: NetName=Uin Pin=C19D-2
Added Pin To Net: NetName=Uin Pin=C20A-2
Added Pin To Net: NetName=Uin Pin=C20B-2
Added Pin To Net: NetName=Uin Pin=C20C-2
Added Pin To Net: NetName=Uin Pin=C20D-2
Added Pin To Net: NetName=Uin Pin=IC3A-11
Added Pin To Net: NetName=Uin Pin=IC3B-11
Added Pin To Net: NetName=Uin Pin=IC3C-11
Added Pin To Net: NetName=Uin Pin=IC3D-11
Added Pin To Net: NetName=Uin Pin=J2-1
Added Pin To Net: NetName=Uin Pin=L1-1
Added Pin To Net: NetName=Uin Pin=LP4-1
Added Pin To Net: NetName=Uin Pin=R3-2
Added Pin To Net: NetName=Uin Pin=R17A-1
Added Pin To Net: NetName=Uin Pin=R17B-1
Added Pin To Net: NetName=Uin Pin=R17C-1
Added Pin To Net: NetName=Uin Pin=R17D-1
Added Net: Name=Uin
Added Pin To Net: NetName=Uzk Pin=C1-1
Added Pin To Net: NetName=Uzk Pin=C12-1
Added Pin To Net: NetName=Uzk Pin=D1A-2
Added Pin To Net: NetName=Uzk Pin=D1B-2
Added Pin To Net: NetName=Uzk Pin=D1C-2
Added Pin To Net: NetName=Uzk Pin=D3-3
Added Pin To Net: NetName=Uzk Pin=LP5-1
Added Pin To Net: NetName=Uzk Pin=Q1A-2
Added Pin To Net: NetName=Uzk Pin=Q1B-2
Added Pin To Net: NetName=Uzk Pin=Q1C-2
Added Pin To Net: NetName=Uzk Pin=Q3-2
Added Pin To Net: NetName=Uzk Pin=R4-2
Added Pin To Net: NetName=Uzk Pin=R14A-2
Added Net: Name=Uzk
Added Class: Name=PERSEUS
Added Class: Name=U_Gatetreiber1
Added Class: Name=U_Gatetreiber2
Added Class: Name=U_Gatetreiber3
Added Class: Name=U_Gatetreiber4
Added Class: Name=U_Halbbruecke1
Added Class: Name=U_Halbbruecke2
Added Class: Name=U_Halbbruecke3
Added Class: Name=U_Hochsetzsteller
Added Class: Name=U_SpannungssensorTP1
Added Class: Name=U_SpannungssensorTP2
Added Class: Name=U_StromsensorTP1
Added Class: Name=U_StromsensorTP2
Added Class: Name=U_StromsensorTP3
Added Class: Name=U_StromsensorTP4
Added Class: Name=Gatetreiber
Added Class: Name=Halbbruecke
Added Class: Name=SpannungssensorTP
Added Class: Name=StromsensorTP
Added Rule: Name=Schematic Supply Nets
Added Rule: Name=Schematic Supply Nets_1
Added Rule: Name=Schematic Supply Nets_2
Added Rule: Name=Schematic Supply Nets_3
